<?xml version="1.0" encoding="UTF-8"?>
<!-- Generated by org.testng.reporters.JUnitReportReporter -->
<testsuite skipped="0" hostname="LAPTOP-IQLCMPV6" name="Sanity_tests.Grafana_API" tests="3" failures="0" timestamp="2021-12-02T02:50:36 IST" time="2.236" errors="0">
  <testcase name="PUT_request" time="0.148" classname="Sanity_tests.Grafana_API"/>
  <system-out/>
  <testcase name="Get_request" time="2.002" classname="Sanity_tests.Grafana_API"/>
  <system-out/>
  <testcase name="POST_request" time="0.086" classname="Sanity_tests.Grafana_API"/>
  <system-out/>
</testsuite> <!-- Sanity_tests.Grafana_API -->
