<?xml version="1.0" encoding="UTF-8"?>
<!-- Generated by org.testng.reporters.JUnitReportReporter -->
<testsuite skipped="0" hostname="LAPTOP-IQLCMPV6" name="Sanity_tests.Grafana_web" tests="5" failures="0" timestamp="2021-12-02T02:50:20 IST" time="21.243" errors="0">
  <testcase name="login" time="3.603" classname="Sanity_tests.Grafana_web"/>
  <system-out/>
  <testcase name="verify_plugin_searching_result" time="12.750" classname="Sanity_tests.Grafana_web"/>
  <system-out/>
  <testcase name="verify_users_details" time="1.205" classname="Sanity_tests.Grafana_web"/>
  <system-out/>
  <testcase name="change_to_light_background_color" time="1.594" classname="Sanity_tests.Grafana_web"/>
  <system-out/>
  <testcase name="test_logout" time="2.091" classname="Sanity_tests.Grafana_web"/>
  <system-out/>
</testsuite> <!-- Sanity_tests.Grafana_web -->
