<?xml version="1.0" encoding="UTF-8"?>
<!-- Generated by org.testng.reporters.JUnitReportReporter -->
<testsuite skipped="0" hostname="LAPTOP-IQLCMPV6" name="Sanity_tests.Calculator_desktop" tests="5" failures="0" timestamp="2021-12-02T02:51:03 IST" time="14.009" errors="0">
  <testcase name="Division" time="3.821" classname="Sanity_tests.Calculator_desktop"/>
  <system-out/>
  <testcase name="Addition" time="2.027" classname="Sanity_tests.Calculator_desktop"/>
  <system-out/>
  <testcase name="Combination" time="4.130" classname="Sanity_tests.Calculator_desktop"/>
  <system-out/>
  <testcase name="Multiplication" time="2.027" classname="Sanity_tests.Calculator_desktop"/>
  <system-out/>
  <testcase name="Subtraction" time="2.004" classname="Sanity_tests.Calculator_desktop"/>
  <system-out/>
</testsuite> <!-- Sanity_tests.Calculator_desktop -->
