<?xml version="1.0" encoding="UTF-8"?>
<!-- Generated by org.testng.reporters.JUnitReportReporter -->
<testsuite skipped="0" hostname="LAPTOP-IQLCMPV6" name="Sanity_tests.TodoList_electron" tests="4" failures="0" timestamp="2021-12-02T02:51:19 IST" time="1.764" errors="0">
  <testcase name="test04_completed" time="0.332" classname="Sanity_tests.TodoList_electron"/>
  <system-out/>
  <testcase name="test02_Delete" time="0.301" classname="Sanity_tests.TodoList_electron"/>
  <system-out/>
  <testcase name="test03_change" time="0.471" classname="Sanity_tests.TodoList_electron"/>
  <system-out/>
  <testcase name="test01_create" time="0.660" classname="Sanity_tests.TodoList_electron"/>
  <system-out/>
</testsuite> <!-- Sanity_tests.TodoList_electron -->
